El fichero de git pesa:
El fichero local pesa:
Nos traemos el fichero
copia el plugin
renombra zip origen
27/07/2017 07:40 proceso acabado
El fichero de git pesa:
El fichero local pesa: 370
27/07/2017 07:53 proceso acabado
El fichero de git pesa: 202
El fichero local pesa: 370
Nos traemos el fichero
copia el plugin
renombra zip origen
27/07/2017 07:58 proceso acabado
El fichero de git pesa:
El fichero local pesa: 202
27/07/2017 08:15 proceso acabado
El fichero de git pesa:
El fichero local pesa: 202
27/07/2017 08:40 proceso acabado
